#-----------------------------------------------------------
# PlanAhead v14.7 (64-bit)
# Build 321239 by xbuild on Fri Sep 27 19:24:36 MDT 2013
# Start of session at: Mon Mar 18 17:45:02 2019
# Process ID: 2750
# Log file: /home/luca/ISE_ws/UART/planAhead_run_2/planAhead.log
# Journal file: /home/luca/ISE_ws/UART/planAhead_run_2/planAhead.jou
#-----------------------------------------------------------
INFO: [Common 17-78] Attempting to get a license: PlanAhead
INFO: [Common 17-290] Got license for PlanAhead
INFO: [Device 21-36] Loading parts and site information from /opt/Xilinx/14.7/ISE_DS/PlanAhead/data/parts/arch.xml
Parsing RTL primitives file [/opt/Xilinx/14.7/ISE_DS/PlanAhead/data/parts/xilinx/rtl/prims/rtl_prims.xml]
Finished parsing RTL primitives file [/opt/Xilinx/14.7/ISE_DS/PlanAhead/data/parts/xilinx/rtl/prims/rtl_prims.xml]
start_gui
source /home/luca/ISE_ws/UART/pa.fromNetlist.tcl
# create_project -name UART -dir "/home/luca/ISE_ws/UART/planAhead_run_2" -part xc3s100etq144-5
ERROR: [Common 17-53] User Exception: Project already exists on disk, please use '-force' option to overwrite: 
     /home/luca/ISE_ws/UART/planAhead_run_2/UART.ppr
     /home/luca/ISE_ws/UART/planAhead_run_2/UART.data

    while executing
"create_project -name UART -dir "/home/luca/ISE_ws/UART/planAhead_run_2" -part xc3s100etq144-5"
    (file "/home/luca/ISE_ws/UART/pa.fromNetlist.tcl" line 4)
exit
INFO: [Common 17-206] Exiting PlanAhead at Mon Mar 18 17:45:21 2019...
INFO: [Common 17-83] Releasing license: PlanAhead
