Command line:
   Rs_tb_isim_beh.exe
     -simmode  gui
     -simrunnum  0
     -socket  53311

Mon Feb 25 18:46:56 2019


 Elaboration Time: 0.02 sec

 Current Memory Usage: 197.067 Meg

 Total Signals          : 18
 Total Nets             : 13
 Total Signal Drivers   : 13
 Total Blocks           : 3
 Total Primitive Blocks : 2
 Total Processes        : 11
 Total Traceable Variables  : 16
 Total Scalar Nets and Variables : 381
Total Line Count : 14

 Total Simulation Time: 0.02 sec

 Current Memory Usage: 272.568 Meg

Mon Feb 25 18:47:15 2019

