ISim log file
Running: /home/luca/ISE_ws/Divisore_non_rest/tb_0_isim_beh.exe -intstyle ise -gui -tclbatch isim.cmd -wdb /home/luca/ISE_ws/Divisore_non_rest/tb_0_isim_beh.wdb 
ISim P.20131013 (signature 0xfbc00daa)
WARNING: A WEBPACK license was found.
WARNING: Please use Xilinx License Configuration Manager to check out a full ISim license.
WARNING: ISim will run in Lite mode. Please refer to the ISim documentation for more information on the differences between the Lite and the Full version.
This is a Lite version of ISim.
Time resolution is 1 ps
# onerror resume
# wave add /
# run 1000 ns
Simulator is doing circuit initialization process.
at 0 ps, Instance /tb_0/uut/ : Warning: NUMERIC_STD.">=": metavalue detected, returning FALSE
Finished circuit initialization process.
at 0 ps, Instance /tb_0/uut/ : Warning: NUMERIC_STD.">=": metavalue detected, returning FALSE
at 200 ns(1), Instance /tb_0/uut/ : Warning: NUMERIC_STD.">=": metavalue detected, returning FALSE
at 205 ns(3), Instance /tb_0/uut/ : Warning: NUMERIC_STD.">=": metavalue detected, returning FALSE
ISim P.20131013 (signature 0xfbc00daa)
WARNING: A WEBPACK license was found.
WARNING: Please use Xilinx License Configuration Manager to check out a full ISim license.
WARNING: ISim will run in Lite mode. Please refer to the ISim documentation for more information on the differences between the Lite and the Full version.
This is a Lite version of ISim.
# run 1000 ns
Simulator is doing circuit initialization process.
at 0 ps, Instance /tb_0/uut/ : Warning: NUMERIC_STD.">=": metavalue detected, returning FALSE
Finished circuit initialization process.
at 0 ps, Instance /tb_0/uut/ : Warning: NUMERIC_STD.">=": metavalue detected, returning FALSE
at 200 ns(1), Instance /tb_0/uut/ : Warning: NUMERIC_STD.">=": metavalue detected, returning FALSE
at 205 ns(3), Instance /tb_0/uut/ : Warning: NUMERIC_STD.">=": metavalue detected, returning FALSE
# exit 0
