Release 14.7 - xst P.20131013 (lin64)
Copyright (c) 1995-2013 Xilinx, Inc.  All rights reserved.
--> 
Parameter TMPDIR set to xst/projnav.tmp


Total REAL time to Xst completion: 0.00 secs
Total CPU time to Xst completion: 0.05 secs
 
--> 
Parameter xsthdpdir set to xst


Total REAL time to Xst completion: 0.00 secs
Total CPU time to Xst completion: 0.05 secs
 
--> 
Reading design: ControlUnit.prj

TABLE OF CONTENTS
  1) Synthesis Options Summary
  2) HDL Compilation
  3) Design Hierarchy Analysis
  4) HDL Analysis
  5) HDL Synthesis
     5.1) HDL Synthesis Report
  6) Advanced HDL Synthesis
     6.1) Advanced HDL Synthesis Report
  7) Low Level Synthesis
  8) Partition Report
  9) Final Report
	9.1) Device utilization summary
	9.2) Partition Resource Summary
	9.3) TIMING REPORT


=========================================================================
*                      Synthesis Options Summary                        *
=========================================================================
---- Source Parameters
Input File Name                    : "ControlUnit.prj"
Input Format                       : mixed
Ignore Synthesis Constraint File   : NO

---- Target Parameters
Output File Name                   : "ControlUnit"
Output Format                      : NGC
Target Device                      : xc3s100e-4-tq144

---- Source Options
Top Module Name                    : ControlUnit
Automatic FSM Extraction           : YES
FSM Encoding Algorithm             : Compact
Safe Implementation                : No
FSM Style                          : LUT
RAM Extraction                     : Yes
RAM Style                          : Auto
ROM Extraction                     : Yes
Mux Style                          : Auto
Decoder Extraction                 : YES
Priority Encoder Extraction        : Yes
Shift Register Extraction          : YES
Logical Shifter Extraction         : YES
XOR Collapsing                     : YES
ROM Style                          : Auto
Mux Extraction                     : Yes
Resource Sharing                   : YES
Asynchronous To Synchronous        : NO
Multiplier Style                   : Auto
Automatic Register Balancing       : No

---- Target Options
Add IO Buffers                     : YES
Global Maximum Fanout              : 100000
Add Generic Clock Buffer(BUFG)     : 24
Register Duplication               : YES
Slice Packing                      : YES
Optimize Instantiated Primitives   : NO
Use Clock Enable                   : Yes
Use Synchronous Set                : Yes
Use Synchronous Reset              : Yes
Pack IO Registers into IOBs        : Auto
Equivalent register Removal        : YES

---- General Options
Optimization Goal                  : Speed
Optimization Effort                : 1
Keep Hierarchy                     : No
Netlist Hierarchy                  : As_Optimized
RTL Output                         : Yes
Global Optimization                : AllClockNets
Read Cores                         : YES
Write Timing Constraints           : NO
Cross Clock Analysis               : NO
Hierarchy Separator                : /
Bus Delimiter                      : <>
Case Specifier                     : Maintain
Slice Utilization Ratio            : 100
BRAM Utilization Ratio             : 100
Verilog 2001                       : YES
Auto BRAM Packing                  : NO
Slice Utilization Ratio Delta      : 5

=========================================================================

Setting FSM Encoding Algorithm to : OPT


=========================================================================
*                          HDL Compilation                              *
=========================================================================
Compiling vhdl file "/home/giorgio/Documenti/ES_SCAN_CHAIN/ControlUnit.vhd" in Library work.
Architecture behavioral of Entity controlunit is up to date.

=========================================================================
*                     Design Hierarchy Analysis                         *
=========================================================================
Analyzing hierarchy for entity <ControlUnit> in library <work> (architecture <behavioral>).


=========================================================================
*                            HDL Analysis                               *
=========================================================================
Analyzing Entity <ControlUnit> in library <work> (Architecture <behavioral>).
Entity <ControlUnit> analyzed. Unit <ControlUnit> generated.


=========================================================================
*                           HDL Synthesis                               *
=========================================================================

Performing bidirectional port resolution...

Synthesizing Unit <ControlUnit>.
    Related source file is "/home/giorgio/Documenti/ES_SCAN_CHAIN/ControlUnit.vhd".
    Found finite state machine <FSM_0> for signal <current>.
    -----------------------------------------------------------------------
    | States             | 7                                              |
    | Transitions        | 11                                             |
    | Inputs             | 4                                              |
    | Outputs            | 6                                              |
    | Clock              | clock                     (rising_edge)        |
    | Reset              | reset_n                   (negative)           |
    | Reset type         | asynchronous                                   |
    | Reset State        | idle                                           |
    | Power Up State     | idle                                           |
    | Encoding           | compact                                        |
    | Implementation     | LUT                                            |
    -----------------------------------------------------------------------
    Summary:
	inferred   1 Finite State Machine(s).
Unit <ControlUnit> synthesized.


=========================================================================
HDL Synthesis Report

Found no macro
=========================================================================

=========================================================================
*                       Advanced HDL Synthesis                          *
=========================================================================

Optimizing FSM <current/FSM> on signal <current[1:3]> with compact encoding.
----------------------------
 State          | Encoding
----------------------------
 idle           | 000
 one_shift      | 111
 normalmode     | 101
 init           | 001
 controlzero    | 011
 initshift      | 100
 shiftmodecicle | 010
----------------------------

=========================================================================
Advanced HDL Synthesis Report

Macro Statistics
# FSMs                                                 : 1

=========================================================================

=========================================================================
*                         Low Level Synthesis                           *
=========================================================================

Optimizing unit <ControlUnit> ...

Mapping all equations...
Building and optimizing final netlist ...
Found area constraint ratio of 100 (+ 5) on block ControlUnit, actual ratio is 0.

Final Macro Processing ...

=========================================================================
Final Register Report

Macro Statistics
# Registers                                            : 3
 Flip-Flops                                            : 3

=========================================================================

=========================================================================
*                           Partition Report                            *
=========================================================================

Partition Implementation Status
-------------------------------

  No Partitions were found in this design.

-------------------------------

=========================================================================
*                            Final Report                               *
=========================================================================
Final Results
RTL Top Level Output File Name     : ControlUnit.ngr
Top Level Output File Name         : ControlUnit
Output Format                      : NGC
Optimization Goal                  : Speed
Keep Hierarchy                     : No

Design Statistics
# IOs                              : 14

Cell Usage :
# BELS                             : 13
#      INV                         : 1
#      LUT2                        : 2
#      LUT3                        : 5
#      LUT3_L                      : 2
#      LUT4                        : 2
#      VCC                         : 1
# FlipFlops/Latches                : 3
#      FDC                         : 3
# Clock Buffers                    : 1
#      BUFGP                       : 1
# IO Buffers                       : 13
#      IBUF                        : 5
#      OBUF                        : 8
=========================================================================

Device utilization summary:
---------------------------

Selected Device : 3s100etq144-4 

 Number of Slices:                        6  out of    960     0%  
 Number of Slice Flip Flops:              3  out of   1920     0%  
 Number of 4 input LUTs:                 12  out of   1920     0%  
 Number of IOs:                          14
 Number of bonded IOBs:                  14  out of    108    12%  
 Number of GCLKs:                         1  out of     24     4%  

---------------------------
Partition Resource Summary:
---------------------------

  No Partitions were found in this design.

---------------------------


=========================================================================
TIMING REPORT

NOTE: THESE TIMING NUMBERS ARE ONLY A SYNTHESIS ESTIMATE.
      FOR ACCURATE TIMING INFORMATION PLEASE REFER TO THE TRACE REPORT
      GENERATED AFTER PLACE-and-ROUTE.

Clock Information:
------------------
-----------------------------------+------------------------+-------+
Clock Signal                       | Clock buffer(FF name)  | Load  |
-----------------------------------+------------------------+-------+
clock                              | BUFGP                  | 3     |
-----------------------------------+------------------------+-------+

Asynchronous Control Signals Information:
----------------------------------------
-----------------------------------------------------------+------------------------+-------+
Control Signal                                             | Buffer(FF name)        | Load  |
-----------------------------------------------------------+------------------------+-------+
current_FSM_Acst_FSM_inv(current_FSM_Acst_FSM_inv1_INV_0:O)| NONE(current_FSM_FFd1) | 3     |
-----------------------------------------------------------+------------------------+-------+

Timing Summary:
---------------
Speed Grade: -4

   Minimum period: 3.379ns (Maximum Frequency: 295.946MHz)
   Minimum input arrival time before clock: 3.633ns
   Maximum output required time after clock: 6.095ns
   Maximum combinational path delay: No path found

Timing Detail:
--------------
All values displayed in nanoseconds (ns)

=========================================================================
Timing constraint: Default period analysis for Clock 'clock'
  Clock period: 3.379ns (frequency: 295.946MHz)
  Total number of paths / destination ports: 11 / 3
-------------------------------------------------------------------------
Delay:               3.379ns (Levels of Logic = 2)
  Source:            current_FSM_FFd3 (FF)
  Destination:       current_FSM_FFd3 (FF)
  Source Clock:      clock rising
  Destination Clock: clock rising

  Data Path: current_FSM_FFd3 to current_FSM_FFd3
                                Gate     Net
    Cell:in->out      fanout   Delay   Delay  Logical Name (Net Name)
    ----------------------------------------  ------------
     FDC:C->Q             11   0.591   0.968  current_FSM_FFd3 (current_FSM_FFd3)
     LUT3_L:I2->LO         1   0.704   0.104  current_FSM_FFd2-In_SW0 (N4)
     LUT4:I3->O            1   0.704   0.000  current_FSM_FFd2-In (current_FSM_FFd2-In)
     FDC:D                     0.308          current_FSM_FFd2
    ----------------------------------------
    Total                      3.379ns (2.307ns logic, 1.072ns route)
                                       (68.3% logic, 31.7% route)

=========================================================================
Timing constraint: Default OFFSET IN BEFORE for Clock 'clock'
  Total number of paths / destination ports: 4 / 2
-------------------------------------------------------------------------
Offset:              3.633ns (Levels of Logic = 3)
  Source:            mode (PAD)
  Destination:       current_FSM_FFd3 (FF)
  Destination Clock: clock rising

  Data Path: mode to current_FSM_FFd3
                                Gate     Net
    Cell:in->out      fanout   Delay   Delay  Logical Name (Net Name)
    ----------------------------------------  ------------
     IBUF:I->O             1   1.218   0.595  mode_IBUF (mode_IBUF)
     LUT3_L:I0->LO         1   0.704   0.104  current_FSM_FFd3-In_SW0 (N6)
     LUT4:I3->O            1   0.704   0.000  current_FSM_FFd3-In (current_FSM_FFd3-In)
     FDC:D                     0.308          current_FSM_FFd3
    ----------------------------------------
    Total                      3.633ns (2.934ns logic, 0.699ns route)
                                       (80.8% logic, 19.2% route)

=========================================================================
Timing constraint: Default OFFSET OUT AFTER for Clock 'clock'
  Total number of paths / destination ports: 19 / 7
-------------------------------------------------------------------------
Offset:              6.095ns (Levels of Logic = 2)
  Source:            current_FSM_FFd3 (FF)
  Destination:       control_enable_count_max_reg (PAD)
  Source Clock:      clock rising

  Data Path: current_FSM_FFd3 to control_enable_count_max_reg
                                Gate     Net
    Cell:in->out      fanout   Delay   Delay  Logical Name (Net Name)
    ----------------------------------------  ------------
     FDC:C->Q             11   0.591   1.108  current_FSM_FFd3 (current_FSM_FFd3)
     LUT2:I0->O            1   0.704   0.420  current_FSM_Out21 (control_mux_OBUF)
     OBUF:I->O                 3.272          control_mux_OBUF (control_mux)
    ----------------------------------------
    Total                      6.095ns (4.567ns logic, 1.528ns route)
                                       (74.9% logic, 25.1% route)

=========================================================================


Total REAL time to Xst completion: 10.00 secs
Total CPU time to Xst completion: 7.91 secs
 
--> 


Total memory usage is 519928 kilobytes

Number of errors   :    0 (   0 filtered)
Number of warnings :    0 (   0 filtered)
Number of infos    :    0 (   0 filtered)

