Running: /home/giorgio/14.7/ISE_DS/ISE/bin/lin64/unwrapped/fuse -intstyle ise -incremental -o /home/giorgio/Documenti/ES_SCAN_CHAIN/tb_2_isim_par.exe -prj /home/giorgio/Documenti/ES_SCAN_CHAIN/tb_2_par.prj work.tb_2 
ISim P.20131013 (signature 0xfbc00daa)
Number of CPUs detected in this system: 3
Turning on mult-threading, number of parallel sub-compilation jobs: 6 
Determining compilation order of HDL files
Parsing VHDL file "/home/giorgio/Documenti/ES_SCAN_CHAIN/netgen/par/ScanChain_timesim.vhd" into library work
Parsing VHDL file "/home/giorgio/Documenti/ES_SCAN_CHAIN/tb_2.vhd" into library work
Starting static elaboration
Completed static elaboration
Fuse Memory Usage: 147068 KB
Fuse CPU Usage: 1220 ms
Compiling package standard
Compiling package std_logic_1164
Compiling package math_real
Compiling package std_logic_arith
Compiling package textio
Compiling package vital_timing
Compiling package vcomponents
Compiling package vital_primitives
Compiling package vpackage
Compiling architecture x_buf_v of entity X_BUF [\X_BUF(true,true,"UNPLACED",(0,0...]
Compiling architecture x_lut4_v of entity X_LUT4 [\X_LUT4(true,true,"UNPLACED",(0,...]
Compiling architecture x_inv_v of entity X_INV [\X_INV(true,true,"SLICE_X0Y34",(...]
Compiling architecture x_obuf_v of entity X_OBUF [\X_OBUF(true,true,"DONT_CARE",12...]
Compiling architecture x_bufgmux_v of entity X_BUFGMUX [\X_BUFGMUX(true,"*",true,false,"...]
Compiling architecture x_ff_v of entity X_FF [\X_FF(true,true,true,"UNPLACED",...]
Compiling architecture x_one_v of entity X_ONE [\X_ONE("UNPLACED")(1,8)\]
Compiling architecture x_zero_v of entity X_ZERO [\X_ZERO("UNPLACED")(1,8)\]
Compiling architecture x_roc_v of entity X_ROC [\X_ROC("UNPLACED",100000,"*")(1,...]
Compiling architecture x_toc_v of entity X_TOC [\X_TOC("UNPLACED",0,"*")(1,8,1,1...]
Compiling architecture structure of entity ScanChain [scanchain_default]
Compiling architecture behavior of entity tb_2
Time Resolution for simulation is 1ps.
Waiting for 7 sub-compilation(s) to finish...
Compiled 246 VHDL Units
Built simulation executable /home/giorgio/Documenti/ES_SCAN_CHAIN/tb_2_isim_par.exe
Fuse Memory Usage: 596732 KB
Fuse CPU Usage: 1620 ms
GCC CPU Usage: 1570 ms
