Release 14.7 - xst P.20131013 (lin64)
Copyright (c) 1995-2013 Xilinx, Inc.  All rights reserved.
--> 
Parameter TMPDIR set to xst/projnav.tmp


Total REAL time to Xst completion: 0.00 secs
Total CPU time to Xst completion: 0.03 secs
 
--> 
Parameter xsthdpdir set to xst


Total REAL time to Xst completion: 0.00 secs
Total CPU time to Xst completion: 0.03 secs
 
--> 
Reading design: ScanChain.prj

TABLE OF CONTENTS
  1) Synthesis Options Summary
  2) HDL Compilation
  3) Design Hierarchy Analysis
  4) HDL Analysis
  5) HDL Synthesis
     5.1) HDL Synthesis Report
  6) Advanced HDL Synthesis
     6.1) Advanced HDL Synthesis Report
  7) Low Level Synthesis
  8) Partition Report
  9) Final Report
	9.1) Device utilization summary
	9.2) Partition Resource Summary
	9.3) TIMING REPORT


=========================================================================
*                      Synthesis Options Summary                        *
=========================================================================
---- Source Parameters
Input File Name                    : "ScanChain.prj"
Input Format                       : mixed
Ignore Synthesis Constraint File   : NO

---- Target Parameters
Output File Name                   : "ScanChain"
Output Format                      : NGC
Target Device                      : xc3s100e-4-tq144

---- Source Options
Top Module Name                    : ScanChain
Automatic FSM Extraction           : YES
FSM Encoding Algorithm             : Compact
Safe Implementation                : No
FSM Style                          : LUT
RAM Extraction                     : Yes
RAM Style                          : Auto
ROM Extraction                     : Yes
Mux Style                          : Auto
Decoder Extraction                 : YES
Priority Encoder Extraction        : Yes
Shift Register Extraction          : YES
Logical Shifter Extraction         : YES
XOR Collapsing                     : YES
ROM Style                          : Auto
Mux Extraction                     : Yes
Resource Sharing                   : YES
Asynchronous To Synchronous        : NO
Multiplier Style                   : Auto
Automatic Register Balancing       : No

---- Target Options
Add IO Buffers                     : YES
Global Maximum Fanout              : 100000
Add Generic Clock Buffer(BUFG)     : 24
Register Duplication               : YES
Slice Packing                      : YES
Optimize Instantiated Primitives   : NO
Use Clock Enable                   : Yes
Use Synchronous Set                : Yes
Use Synchronous Reset              : Yes
Pack IO Registers into IOBs        : Auto
Equivalent register Removal        : YES

---- General Options
Optimization Goal                  : Speed
Optimization Effort                : 1
Keep Hierarchy                     : No
Netlist Hierarchy                  : As_Optimized
RTL Output                         : Yes
Global Optimization                : AllClockNets
Read Cores                         : YES
Write Timing Constraints           : NO
Cross Clock Analysis               : NO
Hierarchy Separator                : /
Bus Delimiter                      : <>
Case Specifier                     : Maintain
Slice Utilization Ratio            : 100
BRAM Utilization Ratio             : 100
Verilog 2001                       : YES
Auto BRAM Packing                  : NO
Slice Utilization Ratio Delta      : 5

=========================================================================

Setting FSM Encoding Algorithm to : OPT


=========================================================================
*                          HDL Compilation                              *
=========================================================================
Compiling vhdl file "/home/giorgio/Documenti/ES_SCAN_CHAIN/MUX2.vhd" in Library work.
Architecture dataflow of Entity mux2 is up to date.
Compiling vhdl file "/home/giorgio/Documenti/ES_SCAN_CHAIN/FFD.vhd" in Library work.
Architecture behavioral of Entity ffd is up to date.
Compiling vhdl file "/home/giorgio/Documenti/ES_SCAN_CHAIN/flipflopmux.vhd" in Library work.
Architecture structural of Entity flipflopmux is up to date.
Compiling vhdl file "/home/giorgio/Documenti/ES_SCAN_CHAIN/registro.vhd" in Library work.
Architecture behavioral of Entity registro is up to date.
Compiling vhdl file "/home/giorgio/Documenti/ES_SCAN_CHAIN/ControlUnit.vhd" in Library work.
Architecture behavioral of Entity controlunit is up to date.
Compiling vhdl file "/home/giorgio/Documenti/ES_SCAN_CHAIN/Shift_register.vhd" in Library work.
Architecture behavioral of Entity shift_register is up to date.
Compiling vhdl file "/home/giorgio/Documenti/ES_SCAN_CHAIN/Counter.vhd" in Library work.
Architecture behavioral of Entity counter is up to date.
Compiling vhdl file "/home/giorgio/Documenti/ES_SCAN_CHAIN/ScanChain.vhd" in Library work.
Architecture structural of Entity scanchain is up to date.

=========================================================================
*                     Design Hierarchy Analysis                         *
=========================================================================
Analyzing hierarchy for entity <ScanChain> in library <work> (architecture <structural>) with generics.
	N = 8

Analyzing hierarchy for entity <registro> in library <work> (architecture <behavioral>) with generics.
	N = 3

Analyzing hierarchy for entity <ControlUnit> in library <work> (architecture <behavioral>).

Analyzing hierarchy for entity <Shift_register> in library <work> (architecture <behavioral>) with generics.
	N = 8
	shift_right_left = '0'

Analyzing hierarchy for entity <Counter> in library <work> (architecture <behavioral>) with generics.
	N = 8

Analyzing hierarchy for entity <MUX2> in library <work> (architecture <dataflow>).

Analyzing hierarchy for entity <flipflopmux> in library <work> (architecture <structural>).

Analyzing hierarchy for entity <MUX2> in library <work> (architecture <dataflow>).

Analyzing hierarchy for entity <FFD> in library <work> (architecture <behavioral>).


=========================================================================
*                            HDL Analysis                               *
=========================================================================
Analyzing generic Entity <ScanChain> in library <work> (Architecture <structural>).
	N = 8
Entity <ScanChain> analyzed. Unit <ScanChain> generated.

Analyzing generic Entity <registro> in library <work> (Architecture <behavioral>).
	N = 3
Entity <registro> analyzed. Unit <registro> generated.

Analyzing Entity <ControlUnit> in library <work> (Architecture <behavioral>).
Entity <ControlUnit> analyzed. Unit <ControlUnit> generated.

Analyzing generic Entity <Shift_register> in library <work> (Architecture <behavioral>).
	N = 8
	shift_right_left = '0'
Entity <Shift_register> analyzed. Unit <Shift_register> generated.

Analyzing Entity <MUX2> in library <work> (Architecture <dataflow>).
Entity <MUX2> analyzed. Unit <MUX2> generated.

Analyzing Entity <flipflopmux> in library <work> (Architecture <structural>).
Entity <flipflopmux> analyzed. Unit <flipflopmux> generated.

Analyzing Entity <FFD> in library <work> (Architecture <behavioral>).
Entity <FFD> analyzed. Unit <FFD> generated.

Analyzing generic Entity <Counter> in library <work> (Architecture <behavioral>).
	N = 8
Entity <Counter> analyzed. Unit <Counter> generated.


=========================================================================
*                           HDL Synthesis                               *
=========================================================================

Performing bidirectional port resolution...

Synthesizing Unit <registro>.
    Related source file is "/home/giorgio/Documenti/ES_SCAN_CHAIN/registro.vhd".
    Found 3-bit register for signal <temp>.
    Summary:
	inferred   3 D-type flip-flop(s).
Unit <registro> synthesized.


Synthesizing Unit <ControlUnit>.
    Related source file is "/home/giorgio/Documenti/ES_SCAN_CHAIN/ControlUnit.vhd".
    Found finite state machine <FSM_0> for signal <current>.
    -----------------------------------------------------------------------
    | States             | 7                                              |
    | Transitions        | 11                                             |
    | Inputs             | 4                                              |
    | Outputs            | 6                                              |
    | Clock              | clock                     (rising_edge)        |
    | Reset              | reset_n                   (negative)           |
    | Reset type         | asynchronous                                   |
    | Reset State        | idle                                           |
    | Power Up State     | idle                                           |
    | Encoding           | compact                                        |
    | Implementation     | LUT                                            |
    -----------------------------------------------------------------------
    Summary:
	inferred   1 Finite State Machine(s).
Unit <ControlUnit> synthesized.


Synthesizing Unit <Counter>.
    Related source file is "/home/giorgio/Documenti/ES_SCAN_CHAIN/Counter.vhd".
    Found 3-bit register for signal <count>.
    Found 3-bit adder for signal <count$addsub0000> created at line 68.
    Found 4-bit comparator equal for signal <count$cmp_eq0001> created at line 71.
    Found 4-bit subtractor for signal <count$sub0000> created at line 71.
    Found 1-bit register for signal <temp_out>.
    Found 1-bit register for signal <temp_out1>.
    Summary:
	inferred   5 D-type flip-flop(s).
	inferred   2 Adder/Subtractor(s).
	inferred   1 Comparator(s).
Unit <Counter> synthesized.


Synthesizing Unit <MUX2>.
    Related source file is "/home/giorgio/Documenti/ES_SCAN_CHAIN/MUX2.vhd".
Unit <MUX2> synthesized.


Synthesizing Unit <FFD>.
    Related source file is "/home/giorgio/Documenti/ES_SCAN_CHAIN/FFD.vhd".
    Found 1-bit register for signal <Q_temp>.
    Summary:
	inferred   1 D-type flip-flop(s).
Unit <FFD> synthesized.


Synthesizing Unit <flipflopmux>.
    Related source file is "/home/giorgio/Documenti/ES_SCAN_CHAIN/flipflopmux.vhd".
Unit <flipflopmux> synthesized.


Synthesizing Unit <Shift_register>.
    Related source file is "/home/giorgio/Documenti/ES_SCAN_CHAIN/Shift_register.vhd".
Unit <Shift_register> synthesized.


Synthesizing Unit <ScanChain>.
    Related source file is "/home/giorgio/Documenti/ES_SCAN_CHAIN/ScanChain.vhd".
WARNING:Xst:1780 - Signal <reset_reg> is never used or assigned. This unconnected signal will be trimmed during the optimization process.
WARNING:Xst:1780 - Signal <res_out_temp> is never used or assigned. This unconnected signal will be trimmed during the optimization process.
Unit <ScanChain> synthesized.


=========================================================================
HDL Synthesis Report

Macro Statistics
# Adders/Subtractors                                   : 2
 3-bit adder                                           : 1
 4-bit subtractor                                      : 1
# Registers                                            : 12
 1-bit register                                        : 10
 3-bit register                                        : 2
# Comparators                                          : 1
 4-bit comparator equal                                : 1

=========================================================================

=========================================================================
*                       Advanced HDL Synthesis                          *
=========================================================================

Optimizing FSM <cu/current/FSM> on signal <current[1:3]> with compact encoding.
----------------------------
 State          | Encoding
----------------------------
 idle           | 000
 one_shift      | 111
 normalmode     | 101
 init           | 001
 controlzero    | 011
 initshift      | 100
 shiftmodecicle | 010
----------------------------

=========================================================================
Advanced HDL Synthesis Report

Macro Statistics
# FSMs                                                 : 1
# Adders/Subtractors                                   : 2
 3-bit adder                                           : 1
 4-bit subtractor                                      : 1
# Registers                                            : 16
 Flip-Flops                                            : 16
# Comparators                                          : 1
 4-bit comparator equal                                : 1

=========================================================================

=========================================================================
*                         Low Level Synthesis                           *
=========================================================================

Optimizing unit <ScanChain> ...

Optimizing unit <Counter> ...

Optimizing unit <Shift_register> ...

Mapping all equations...
Building and optimizing final netlist ...
Found area constraint ratio of 100 (+ 5) on block ScanChain, actual ratio is 1.

Final Macro Processing ...

=========================================================================
Final Register Report

Macro Statistics
# Registers                                            : 19
 Flip-Flops                                            : 19

=========================================================================

=========================================================================
*                           Partition Report                            *
=========================================================================

Partition Implementation Status
-------------------------------

  No Partitions were found in this design.

-------------------------------

=========================================================================
*                            Final Report                               *
=========================================================================
Final Results
RTL Top Level Output File Name     : ScanChain.ngr
Top Level Output File Name         : ScanChain
Output Format                      : NGC
Optimization Goal                  : Speed
Keep Hierarchy                     : No

Design Statistics
# IOs                              : 25

Cell Usage :
# BELS                             : 34
#      INV                         : 1
#      LUT2                        : 2
#      LUT3                        : 14
#      LUT3_D                      : 2
#      LUT3_L                      : 2
#      LUT4                        : 10
#      LUT4_D                      : 1
#      LUT4_L                      : 1
#      MUXF5                       : 1
# FlipFlops/Latches                : 19
#      FDC                         : 3
#      FDCE                        : 16
# Clock Buffers                    : 1
#      BUFGP                       : 1
# IO Buffers                       : 24
#      IBUF                        : 15
#      OBUF                        : 9
=========================================================================

Device utilization summary:
---------------------------

Selected Device : 3s100etq144-4 

 Number of Slices:                       17  out of    960     1%  
 Number of Slice Flip Flops:             19  out of   1920     0%  
 Number of 4 input LUTs:                 33  out of   1920     1%  
 Number of IOs:                          25
 Number of bonded IOBs:                  25  out of    108    23%  
 Number of GCLKs:                         1  out of     24     4%  

---------------------------
Partition Resource Summary:
---------------------------

  No Partitions were found in this design.

---------------------------


=========================================================================
TIMING REPORT

NOTE: THESE TIMING NUMBERS ARE ONLY A SYNTHESIS ESTIMATE.
      FOR ACCURATE TIMING INFORMATION PLEASE REFER TO THE TRACE REPORT
      GENERATED AFTER PLACE-and-ROUTE.

Clock Information:
------------------
-----------------------------------+------------------------+-------+
Clock Signal                       | Clock buffer(FF name)  | Load  |
-----------------------------------+------------------------+-------+
clock                              | BUFGP                  | 19    |
-----------------------------------+------------------------+-------+

Asynchronous Control Signals Information:
----------------------------------------
----------------------------------------------------------------------------------------------------+-------------------------+-------+
Control Signal                                                                                      | Buffer(FF name)         | Load  |
----------------------------------------------------------------------------------------------------+-------------------------+-------+
countMaxReg/reset_n_inv(sr/LOOP_FOR_ISTANTIATE_FFM[0].shift_right.ffm/flipflop/reset_n_inv1_INV_0:O)| NONE(countMaxReg/temp_0)| 14    |
contatore/reset_n_inv(contatore/reset_n_inv1:O)                                                     | NONE(contatore/count_0) | 5     |
----------------------------------------------------------------------------------------------------+-------------------------+-------+

Timing Summary:
---------------
Speed Grade: -4

   Minimum period: 4.771ns (Maximum Frequency: 209.600MHz)
   Minimum input arrival time before clock: 3.633ns
   Maximum output required time after clock: 6.044ns
   Maximum combinational path delay: No path found

Timing Detail:
--------------
All values displayed in nanoseconds (ns)

=========================================================================
Timing constraint: Default period analysis for Clock 'clock'
  Clock period: 4.771ns (frequency: 209.600MHz)
  Total number of paths / destination ports: 143 / 32
-------------------------------------------------------------------------
Delay:               4.771ns (Levels of Logic = 3)
  Source:            contatore/count_1 (FF)
  Destination:       contatore/count_2 (FF)
  Source Clock:      clock rising
  Destination Clock: clock rising

  Data Path: contatore/count_1 to contatore/count_2
                                Gate     Net
    Cell:in->out      fanout   Delay   Delay  Logical Name (Net Name)
    ----------------------------------------  ------------
     FDCE:C->Q             4   0.591   0.762  contatore/count_1 (contatore/count_1)
     LUT2:I0->O            1   0.704   0.499  contatore/count_mux0002<0>_SW0 (N11)
     LUT4:I1->O            1   0.704   0.499  contatore/count_mux0002<0>_SW1 (N24)
     LUT4:I1->O            1   0.704   0.000  contatore/count_mux0002<0> (contatore/count_mux0002<0>)
     FDCE:D                    0.308          contatore/count_2
    ----------------------------------------
    Total                      4.771ns (3.011ns logic, 1.760ns route)
                                       (63.1% logic, 36.9% route)

=========================================================================
Timing constraint: Default OFFSET IN BEFORE for Clock 'clock'
  Total number of paths / destination ports: 15 / 12
-------------------------------------------------------------------------
Offset:              3.633ns (Levels of Logic = 3)
  Source:            mode (PAD)
  Destination:       cu/current_FSM_FFd3 (FF)
  Destination Clock: clock rising

  Data Path: mode to cu/current_FSM_FFd3
                                Gate     Net
    Cell:in->out      fanout   Delay   Delay  Logical Name (Net Name)
    ----------------------------------------  ------------
     IBUF:I->O             1   1.218   0.595  mode_IBUF (mode_IBUF)
     LUT3_L:I0->LO         1   0.704   0.104  cu/current_FSM_FFd3-In_SW0 (N6)
     LUT4:I3->O            1   0.704   0.000  cu/current_FSM_FFd3-In (cu/current_FSM_FFd3-In)
     FDC:D                     0.308          cu/current_FSM_FFd3
    ----------------------------------------
    Total                      3.633ns (2.934ns logic, 0.699ns route)
                                       (80.8% logic, 19.2% route)

=========================================================================
Timing constraint: Default OFFSET OUT AFTER for Clock 'clock'
  Total number of paths / destination ports: 11 / 9
-------------------------------------------------------------------------
Offset:              6.044ns (Levels of Logic = 2)
  Source:            cu/current_FSM_FFd1 (FF)
  Destination:       stop (PAD)
  Source Clock:      clock rising

  Data Path: cu/current_FSM_FFd1 to stop
                                Gate     Net
    Cell:in->out      fanout   Delay   Delay  Logical Name (Net Name)
    ----------------------------------------  ------------
     FDC:C->Q             10   0.591   1.057  cu/current_FSM_FFd1 (cu/current_FSM_FFd1)
     LUT3:I0->O            1   0.704   0.420  cu/current_FSM_Out01 (stop_OBUF)
     OBUF:I->O                 3.272          stop_OBUF (stop)
    ----------------------------------------
    Total                      6.044ns (4.567ns logic, 1.477ns route)
                                       (75.6% logic, 24.4% route)

=========================================================================


Total REAL time to Xst completion: 10.00 secs
Total CPU time to Xst completion: 8.18 secs
 
--> 


Total memory usage is 523048 kilobytes

Number of errors   :    0 (   0 filtered)
Number of warnings :    2 (   0 filtered)
Number of infos    :    0 (   0 filtered)

