Command line:
   FFRSMSTB_isim_beh.exe
     -simmode  gui
     -simrunnum  0
     -socket  51817

Mon Feb 25 18:52:07 2019


 Elaboration Time: 0.02 sec

 Current Memory Usage: 197.071 Meg

 Total Signals          : 39
 Total Nets             : 22
 Total Signal Drivers   : 22
 Total Blocks           : 6
 Total Primitive Blocks : 4
 Total Processes        : 21
 Total Traceable Variables  : 27
 Total Scalar Nets and Variables : 401
Total Line Count : 27

 Total Simulation Time: 0.03 sec

 Current Memory Usage: 272.572 Meg

Mon Feb 25 18:52:34 2019

