Command line:
   Rs_tb_isim_beh.exe
     -simmode  gui
     -simrunnum  0
     -socket  33811

Mon Feb 25 19:04:24 2019


 Elaboration Time: 0.02 sec

 Current Memory Usage: 197.067 Meg

 Total Signals          : 14
 Total Nets             : 8
 Total Signal Drivers   : 8
 Total Blocks           : 3
 Total Primitive Blocks : 2
 Total Processes        : 5
 Total Traceable Variables  : 12
 Total Scalar Nets and Variables : 372
Total Line Count : 9

 Total Simulation Time: 0.04 sec

 Current Memory Usage: 272.568 Meg

Mon Feb 25 19:04:42 2019

