Command line:
   FFD_TB_isim_beh.exe
     -simmode  gui
     -simrunnum  0
     -socket  57305

Thu Feb 21 19:19:36 2019


 Elaboration Time: 0.02 sec

 Current Memory Usage: 197.067 Meg

 Total Signals          : 32
 Total Nets             : 10
 Total Signal Drivers   : 10
 Total Blocks           : 9
 Total Primitive Blocks : 7
 Total Processes        : 11
 Total Traceable Variables  : 9
 Total Scalar Nets and Variables : 371
Total Line Count : 23

 Total Simulation Time: 0.02 sec

 Current Memory Usage: 272.568 Meg

Thu Feb 21 19:20:35 2019

