Command line:
   ControlUnit_isim_beh.exe
     -simmode  gui
     -simrunnum  1
     -socket  60849

Fri Mar  8 20:27:11 2019


 Elaboration Time: 0.01 sec

 Current Memory Usage: 197.075 Meg

 Total Signals          : 15
 Total Nets             : 15
 Total Signal Drivers   : 10
 Total Blocks           : 2
 Total Primitive Blocks : 2
 Total Processes        : 2
 Total Traceable Variables  : 8
 Total Scalar Nets and Variables : 375
Total Line Count : 33

 Total Simulation Time: 0.02 sec

 Current Memory Usage: 272.577 Meg

Fri Mar  8 20:27:19 2019

