Command line:
   FFRSMS_isim_beh.exe
     -simmode  gui
     -simrunnum  0
     -socket  58013

Fri Feb 22 16:23:07 2019


 Elaboration Time: 0.02 sec

 Current Memory Usage: 197.067 Meg

 Total Signals          : 34
 Total Nets             : 22
 Total Signal Drivers   : 19
 Total Blocks           : 5
 Total Primitive Blocks : 4
 Total Processes        : 19
 Total Traceable Variables  : 26
 Total Scalar Nets and Variables : 400
Total Line Count : 19

 Total Simulation Time: 0.03 sec

 Current Memory Usage: 272.568 Meg

Fri Feb 22 16:23:11 2019

