Release 14.7 - xst P.20131013 (lin64)
Copyright (c) 1995-2013 Xilinx, Inc.  All rights reserved.
--> 
Parameter TMPDIR set to xst/projnav.tmp


Total REAL time to Xst completion: 0.00 secs
Total CPU time to Xst completion: 0.07 secs
 
--> 
Parameter xsthdpdir set to xst


Total REAL time to Xst completion: 0.00 secs
Total CPU time to Xst completion: 0.07 secs
 
--> 
Reading design: Shift_register.prj

TABLE OF CONTENTS
  1) Synthesis Options Summary
  2) HDL Compilation
  3) Design Hierarchy Analysis
  4) HDL Analysis
  5) HDL Synthesis
     5.1) HDL Synthesis Report
  6) Advanced HDL Synthesis
     6.1) Advanced HDL Synthesis Report
  7) Low Level Synthesis
  8) Partition Report
  9) Final Report
	9.1) Device utilization summary
	9.2) Partition Resource Summary
	9.3) TIMING REPORT


=========================================================================
*                      Synthesis Options Summary                        *
=========================================================================
---- Source Parameters
Input File Name                    : "Shift_register.prj"
Input Format                       : mixed
Ignore Synthesis Constraint File   : NO

---- Target Parameters
Output File Name                   : "Shift_register"
Output Format                      : NGC
Target Device                      : xc3s100e-4-vq100

---- Source Options
Top Module Name                    : Shift_register
Automatic FSM Extraction           : YES
FSM Encoding Algorithm             : Auto
Safe Implementation                : No
FSM Style                          : LUT
RAM Extraction                     : Yes
RAM Style                          : Auto
ROM Extraction                     : Yes
Mux Style                          : Auto
Decoder Extraction                 : YES
Priority Encoder Extraction        : Yes
Shift Register Extraction          : YES
Logical Shifter Extraction         : YES
XOR Collapsing                     : YES
ROM Style                          : Auto
Mux Extraction                     : Yes
Resource Sharing                   : YES
Asynchronous To Synchronous        : NO
Multiplier Style                   : Auto
Automatic Register Balancing       : No

---- Target Options
Add IO Buffers                     : YES
Global Maximum Fanout              : 100000
Add Generic Clock Buffer(BUFG)     : 24
Register Duplication               : YES
Slice Packing                      : YES
Optimize Instantiated Primitives   : NO
Use Clock Enable                   : Yes
Use Synchronous Set                : Yes
Use Synchronous Reset              : Yes
Pack IO Registers into IOBs        : Auto
Equivalent register Removal        : YES

---- General Options
Optimization Goal                  : Speed
Optimization Effort                : 1
Keep Hierarchy                     : No
Netlist Hierarchy                  : As_Optimized
RTL Output                         : Yes
Global Optimization                : AllClockNets
Read Cores                         : YES
Write Timing Constraints           : NO
Cross Clock Analysis               : NO
Hierarchy Separator                : /
Bus Delimiter                      : <>
Case Specifier                     : Maintain
Slice Utilization Ratio            : 100
BRAM Utilization Ratio             : 100
Verilog 2001                       : YES
Auto BRAM Packing                  : NO
Slice Utilization Ratio Delta      : 5

=========================================================================


=========================================================================
*                          HDL Compilation                              *
=========================================================================
WARNING:HDLParsers:3607 - Unit work/flipflopmux/Structural is now defined in a different file.  It was defined in "/home/luca/ISE_ws/Divisore_rest/flipflopMux.vhd", and is now defined in "/home/luca/ISE_ws/Divisore_rest/flipflopmux.vhd".
Compiling vhdl file "/home/luca/ISE_ws/Divisore_rest/mux2_1.vhd" in Library work.
Architecture dataflow of Entity mux2_1 is up to date.
Compiling vhdl file "/home/luca/ISE_ws/Divisore_rest/FFD.vhd" in Library work.
Architecture behavioral of Entity ffd is up to date.
Compiling vhdl file "/home/luca/ISE_ws/Divisore_rest/flipflopmux.vhd" in Library work.
Architecture structural of Entity flipflopmux is up to date.
Compiling vhdl file "/home/luca/ISE_ws/Divisore_rest/Shift_register.vhd" in Library work.
Architecture behavioral of Entity shift_register is up to date.

=========================================================================
*                     Design Hierarchy Analysis                         *
=========================================================================
Analyzing hierarchy for entity <Shift_register> in library <work> (architecture <behavioral>) with generics.
	N = 8
	shift_right_left = '0'

Analyzing hierarchy for entity <flipflopmux> in library <work> (architecture <structural>).

Analyzing hierarchy for entity <MUX2_1> in library <work> (architecture <dataflow>).

Analyzing hierarchy for entity <FFD> in library <work> (architecture <behavioral>).


=========================================================================
*                            HDL Analysis                               *
=========================================================================
Analyzing generic Entity <Shift_register> in library <work> (Architecture <behavioral>).
	N = 8
	shift_right_left = '0'
Entity <Shift_register> analyzed. Unit <Shift_register> generated.

Analyzing Entity <flipflopmux> in library <work> (Architecture <structural>).
Entity <flipflopmux> analyzed. Unit <flipflopmux> generated.

Analyzing Entity <MUX2_1> in library <work> (Architecture <dataflow>).
Entity <MUX2_1> analyzed. Unit <MUX2_1> generated.

Analyzing Entity <FFD> in library <work> (Architecture <behavioral>).
Entity <FFD> analyzed. Unit <FFD> generated.


=========================================================================
*                           HDL Synthesis                               *
=========================================================================

Performing bidirectional port resolution...

Synthesizing Unit <MUX2_1>.
    Related source file is "/home/luca/ISE_ws/Divisore_rest/mux2_1.vhd".
Unit <MUX2_1> synthesized.


Synthesizing Unit <FFD>.
    Related source file is "/home/luca/ISE_ws/Divisore_rest/FFD.vhd".
    Found 1-bit register for signal <Q>.
    Summary:
	inferred   1 D-type flip-flop(s).
Unit <FFD> synthesized.


Synthesizing Unit <flipflopmux>.
    Related source file is "/home/luca/ISE_ws/Divisore_rest/flipflopmux.vhd".
Unit <flipflopmux> synthesized.


Synthesizing Unit <Shift_register>.
    Related source file is "/home/luca/ISE_ws/Divisore_rest/Shift_register.vhd".
Unit <Shift_register> synthesized.


=========================================================================
HDL Synthesis Report

Macro Statistics
# Registers                                            : 8
 1-bit register                                        : 8

=========================================================================

=========================================================================
*                       Advanced HDL Synthesis                          *
=========================================================================


=========================================================================
Advanced HDL Synthesis Report

Macro Statistics
# Registers                                            : 8
 Flip-Flops                                            : 8

=========================================================================

=========================================================================
*                         Low Level Synthesis                           *
=========================================================================

Optimizing unit <Shift_register> ...

Mapping all equations...
Building and optimizing final netlist ...
Found area constraint ratio of 100 (+ 5) on block Shift_register, actual ratio is 0.
FlipFlop LOOP_FOR_ISTANTIATE_FFM[7].shift_right.ffm/flipflop/Q has been replicated 1 time(s) to handle iob=true attribute.

Final Macro Processing ...

=========================================================================
Final Register Report

Macro Statistics
# Registers                                            : 9
 Flip-Flops                                            : 9

=========================================================================

=========================================================================
*                           Partition Report                            *
=========================================================================

Partition Implementation Status
-------------------------------

  No Partitions were found in this design.

-------------------------------

=========================================================================
*                            Final Report                               *
=========================================================================
Final Results
RTL Top Level Output File Name     : Shift_register.ngr
Top Level Output File Name         : Shift_register
Output Format                      : NGC
Optimization Goal                  : Speed
Keep Hierarchy                     : No

Design Statistics
# IOs                              : 22

Cell Usage :
# BELS                             : 9
#      INV                         : 1
#      LUT3                        : 8
# FlipFlops/Latches                : 9
#      FDCE                        : 9
# Clock Buffers                    : 1
#      BUFGP                       : 1
# IO Buffers                       : 21
#      IBUF                        : 12
#      OBUF                        : 9
=========================================================================

Device utilization summary:
---------------------------

Selected Device : 3s100evq100-4 

 Number of Slices:                        5  out of    960     0%  
 Number of Slice Flip Flops:              8  out of   1920     0%  
 Number of 4 input LUTs:                  9  out of   1920     0%  
 Number of IOs:                          22
 Number of bonded IOBs:                  22  out of     66    33%  
    IOB Flip Flops:                       1
 Number of GCLKs:                         1  out of     24     4%  

---------------------------
Partition Resource Summary:
---------------------------

  No Partitions were found in this design.

---------------------------


=========================================================================
TIMING REPORT

NOTE: THESE TIMING NUMBERS ARE ONLY A SYNTHESIS ESTIMATE.
      FOR ACCURATE TIMING INFORMATION PLEASE REFER TO THE TRACE REPORT
      GENERATED AFTER PLACE-and-ROUTE.

Clock Information:
------------------
-----------------------------------+------------------------+-------+
Clock Signal                       | Clock buffer(FF name)  | Load  |
-----------------------------------+------------------------+-------+
clk                                | BUFGP                  | 9     |
-----------------------------------+------------------------+-------+

Asynchronous Control Signals Information:
----------------------------------------
-----------------------------------------------------------------------------------------------------------------------------------------+------------------------------------------------------------+-------+
Control Signal                                                                                                                           | Buffer(FF name)                                            | Load  |
-----------------------------------------------------------------------------------------------------------------------------------------+------------------------------------------------------------+-------+
LOOP_FOR_ISTANTIATE_FFM[0].shift_right.ffm/flipflop/reset_n_inv(LOOP_FOR_ISTANTIATE_FFM[0].shift_right.ffm/flipflop/reset_n_inv1_INV_0:O)| NONE(LOOP_FOR_ISTANTIATE_FFM[0].shift_right.ffm/flipflop/Q)| 9     |
-----------------------------------------------------------------------------------------------------------------------------------------+------------------------------------------------------------+-------+

Timing Summary:
---------------
Speed Grade: -4

   Minimum period: 2.085ns (Maximum Frequency: 479.616MHz)
   Minimum input arrival time before clock: 3.162ns
   Maximum output required time after clock: 4.310ns
   Maximum combinational path delay: No path found

Timing Detail:
--------------
All values displayed in nanoseconds (ns)

=========================================================================
Timing constraint: Default period analysis for Clock 'clk'
  Clock period: 2.085ns (frequency: 479.616MHz)
  Total number of paths / destination ports: 7 / 7
-------------------------------------------------------------------------
Delay:               2.085ns (Levels of Logic = 1)
  Source:            LOOP_FOR_ISTANTIATE_FFM[1].shift_right.ffm/flipflop/Q (FF)
  Destination:       LOOP_FOR_ISTANTIATE_FFM[0].shift_right.ffm/flipflop/Q (FF)
  Source Clock:      clk rising
  Destination Clock: clk rising

  Data Path: LOOP_FOR_ISTANTIATE_FFM[1].shift_right.ffm/flipflop/Q to LOOP_FOR_ISTANTIATE_FFM[0].shift_right.ffm/flipflop/Q
                                Gate     Net
    Cell:in->out      fanout   Delay   Delay  Logical Name (Net Name)
    ----------------------------------------  ------------
     FDCE:C->Q             2   0.591   0.482  LOOP_FOR_ISTANTIATE_FFM[1].shift_right.ffm/flipflop/Q (LOOP_FOR_ISTANTIATE_FFM[1].shift_right.ffm/flipflop/Q)
     LUT3:I2->O            1   0.704   0.000  LOOP_FOR_ISTANTIATE_FFM[0].shift_right.ffm/mux/o1 (LOOP_FOR_ISTANTIATE_FFM[0].shift_right.ffm/out_temp)
     FDCE:D                    0.308          LOOP_FOR_ISTANTIATE_FFM[0].shift_right.ffm/flipflop/Q
    ----------------------------------------
    Total                      2.085ns (1.603ns logic, 0.482ns route)
                                       (76.9% logic, 23.1% route)

=========================================================================
Timing constraint: Default OFFSET IN BEFORE for Clock 'clk'
  Total number of paths / destination ports: 29 / 18
-------------------------------------------------------------------------
Offset:              3.162ns (Levels of Logic = 2)
  Source:            scan_enable (PAD)
  Destination:       LOOP_FOR_ISTANTIATE_FFM[7].shift_right.ffm/flipflop/Q (FF)
  Destination Clock: clk rising

  Data Path: scan_enable to LOOP_FOR_ISTANTIATE_FFM[7].shift_right.ffm/flipflop/Q
                                Gate     Net
    Cell:in->out      fanout   Delay   Delay  Logical Name (Net Name)
    ----------------------------------------  ------------
     IBUF:I->O             8   1.218   0.932  scan_enable_IBUF (scan_enable_IBUF)
     LUT3:I0->O            2   0.704   0.000  LOOP_FOR_ISTANTIATE_FFM[7].shift_right.ffm/mux/o1 (LOOP_FOR_ISTANTIATE_FFM[7].shift_right.ffm/out_temp)
     FDCE:D                    0.308          LOOP_FOR_ISTANTIATE_FFM[7].shift_right.ffm/flipflop/Q
    ----------------------------------------
    Total                      3.162ns (2.230ns logic, 0.932ns route)
                                       (70.5% logic, 29.5% route)

=========================================================================
Timing constraint: Default OFFSET OUT AFTER for Clock 'clk'
  Total number of paths / destination ports: 9 / 9
-------------------------------------------------------------------------
Offset:              4.310ns (Levels of Logic = 1)
  Source:            LOOP_FOR_ISTANTIATE_FFM[0].shift_right.ffm/flipflop/Q (FF)
  Destination:       scan_out (PAD)
  Source Clock:      clk rising

  Data Path: LOOP_FOR_ISTANTIATE_FFM[0].shift_right.ffm/flipflop/Q to scan_out
                                Gate     Net
    Cell:in->out      fanout   Delay   Delay  Logical Name (Net Name)
    ----------------------------------------  ------------
     FDCE:C->Q             2   0.591   0.447  LOOP_FOR_ISTANTIATE_FFM[0].shift_right.ffm/flipflop/Q (LOOP_FOR_ISTANTIATE_FFM[0].shift_right.ffm/flipflop/Q)
     OBUF:I->O                 3.272          scan_out_OBUF (scan_out)
    ----------------------------------------
    Total                      4.310ns (3.863ns logic, 0.447ns route)
                                       (89.6% logic, 10.4% route)

=========================================================================


Total REAL time to Xst completion: 9.00 secs
Total CPU time to Xst completion: 8.31 secs
 
--> 


Total memory usage is 520468 kilobytes

Number of errors   :    0 (   0 filtered)
Number of warnings :    1 (   0 filtered)
Number of infos    :    0 (   0 filtered)

