Command line:
   FFD_edg_isim_beh.exe
     -simmode  gui
     -simrunnum  0
     -socket  48329

Wed Feb 20 13:27:55 2019


 Elaboration Time: 0.02 sec

 Current Memory Usage: 197.067 Meg

 Total Signals          : 32
 Total Nets             : 11
 Total Signal Drivers   : 9
 Total Blocks           : 9
 Total Primitive Blocks : 8
 Total Processes        : 9
 Total Traceable Variables  : 8
 Total Scalar Nets and Variables : 371
Total Line Count : 16

 Total Simulation Time: 0.03 sec

 Current Memory Usage: 272.568 Meg

Wed Feb 20 13:28:00 2019

