Running: /opt/Xilinx/14.7/ISE_DS/ISE/bin/lin64/unwrapped/fuse -intstyle ise -incremental -o /home/luca/ISE_ws/Registro/reg_tb_isim_beh.exe -prj /home/luca/ISE_ws/Registro/reg_tb_beh.prj work.reg_tb 
ISim P.20131013 (signature 0xfbc00daa)
Number of CPUs detected in this system: 2
Turning on mult-threading, number of parallel sub-compilation jobs: 4 
Determining compilation order of HDL files
Parsing VHDL file "/home/luca/ISE_ws/Registro/reg.vhd" into library work
Parsing VHDL file "/home/luca/ISE_ws/Registro/reg_tb.vhd" into library work
Starting static elaboration
Completed static elaboration
Fuse Memory Usage: 95872 KB
Fuse CPU Usage: 1250 ms
Compiling package standard
Compiling package std_logic_1164
Compiling architecture behavioral of entity reg [\reg(8)\]
Compiling architecture behavior of entity reg_tb
Time Resolution for simulation is 1ps.
Waiting for 1 sub-compilation(s) to finish...
Compiled 5 VHDL Units
Built simulation executable /home/luca/ISE_ws/Registro/reg_tb_isim_beh.exe
Fuse Memory Usage: 399440 KB
Fuse CPU Usage: 1290 ms
GCC CPU Usage: 240 ms
