Release 14.1 - xst P.15xf (nt)
Copyright (c) 1995-2012 Xilinx, Inc.  All rights reserved.
--> Parameter TMPDIR set to xst/projnav.tmp


Total REAL time to Xst completion: 0.00 secs
Total CPU time to Xst completion: 0.27 secs
 
--> Parameter xsthdpdir set to xst


Total REAL time to Xst completion: 0.00 secs
Total CPU time to Xst completion: 0.27 secs
 
--> Reading design: display_seven_segments.prj

TABLE OF CONTENTS
  1) Synthesis Options Summary
  2) HDL Compilation
  3) Design Hierarchy Analysis
  4) HDL Analysis
  5) HDL Synthesis
     5.1) HDL Synthesis Report
  6) Advanced HDL Synthesis
     6.1) Advanced HDL Synthesis Report
  7) Low Level Synthesis
  8) Partition Report
  9) Final Report
	9.1) Device utilization summary
	9.2) Partition Resource Summary
	9.3) TIMING REPORT


=========================================================================
*                      Synthesis Options Summary                        *
=========================================================================
---- Source Parameters
Input File Name                    : "display_seven_segments.prj"
Input Format                       : mixed
Ignore Synthesis Constraint File   : NO

---- Target Parameters
Output File Name                   : "display_seven_segments"
Output Format                      : NGC
Target Device                      : xc3s1200e-5-fg320

---- Source Options
Top Module Name                    : display_seven_segments
Automatic FSM Extraction           : YES
FSM Encoding Algorithm             : Auto
Safe Implementation                : No
FSM Style                          : LUT
RAM Extraction                     : Yes
RAM Style                          : Auto
ROM Extraction                     : Yes
Mux Style                          : Auto
Decoder Extraction                 : YES
Priority Encoder Extraction        : Yes
Shift Register Extraction          : YES
Logical Shifter Extraction         : YES
XOR Collapsing                     : YES
ROM Style                          : Auto
Mux Extraction                     : Yes
Resource Sharing                   : YES
Asynchronous To Synchronous        : NO
Multiplier Style                   : Auto
Automatic Register Balancing       : No

---- Target Options
Add IO Buffers                     : YES
Global Maximum Fanout              : 500
Add Generic Clock Buffer(BUFG)     : 24
Register Duplication               : YES
Slice Packing                      : YES
Optimize Instantiated Primitives   : NO
Use Clock Enable                   : Yes
Use Synchronous Set                : Yes
Use Synchronous Reset              : Yes
Pack IO Registers into IOBs        : Auto
Equivalent register Removal        : YES

---- General Options
Optimization Goal                  : Speed
Optimization Effort                : 1
Keep Hierarchy                     : No
Netlist Hierarchy                  : As_Optimized
RTL Output                         : Yes
Global Optimization                : AllClockNets
Read Cores                         : YES
Write Timing Constraints           : NO
Cross Clock Analysis               : NO
Hierarchy Separator                : /
Bus Delimiter                      : <>
Case Specifier                     : Maintain
Slice Utilization Ratio            : 100
BRAM Utilization Ratio             : 100
Verilog 2001                       : YES
Auto BRAM Packing                  : NO
Slice Utilization Ratio Delta      : 5

=========================================================================


=========================================================================
*                          HDL Compilation                              *
=========================================================================
Compiling vhdl file "C:/Users/Mario/Desktop/Display7Segs/Display7Seg/clock_filter.vhd" in Library work.
Entity <clock_filter> compiled.
Entity <clock_filter> (Architecture <Behavioral>) compiled.
Compiling vhdl file "C:/Users/Mario/Desktop/Display7Segs/Display7Seg/counter_mod4.vhd" in Library work.
Entity <counter_mod4> compiled.
Entity <counter_mod4> (Architecture <Behavioral>) compiled.
Compiling vhdl file "C:/Users/Mario/Desktop/Display7Segs/Display7Seg/cathodes_manager.vhd" in Library work.
Entity <cathodes_manager> compiled.
Entity <cathodes_manager> (Architecture <Behavioral>) compiled.
Compiling vhdl file "C:/Users/Mario/Desktop/Display7Segs/Display7Seg/anodes_manager.vhd" in Library work.
Entity <anodes_manager> compiled.
Entity <anodes_manager> (Architecture <Behavioral>) compiled.
Compiling vhdl file "C:/Users/Mario/Desktop/Display7Segs/Display7Seg/display_seven_segments.vhd" in Library work.
Entity <display_seven_segments> compiled.
Entity <display_seven_segments> (Architecture <Structural>) compiled.

=========================================================================
*                     Design Hierarchy Analysis                         *
=========================================================================
Analyzing hierarchy for entity <display_seven_segments> in library <work> (architecture <Structural>).

Analyzing hierarchy for entity <clock_filter> in library <work> (architecture <Behavioral>) with generics.
	clock_frequency_in = 50000000
	clock_frequency_out = 5000000

Analyzing hierarchy for entity <counter_mod4> in library <work> (architecture <Behavioral>).

Analyzing hierarchy for entity <cathodes_manager> in library <work> (architecture <Behavioral>).

Analyzing hierarchy for entity <anodes_manager> in library <work> (architecture <Behavioral>).


=========================================================================
*                            HDL Analysis                               *
=========================================================================
Analyzing Entity <display_seven_segments> in library <work> (Architecture <Structural>).
Entity <display_seven_segments> analyzed. Unit <display_seven_segments> generated.

Analyzing generic Entity <clock_filter> in library <work> (Architecture <Behavioral>).
	clock_frequency_in = 50000000
	clock_frequency_out = 5000000
Entity <clock_filter> analyzed. Unit <clock_filter> generated.

Analyzing Entity <counter_mod4> in library <work> (Architecture <Behavioral>).
Entity <counter_mod4> analyzed. Unit <counter_mod4> generated.

Analyzing Entity <cathodes_manager> in library <work> (Architecture <Behavioral>).
INFO:Xst:1561 - "C:/Users/Mario/Desktop/Display7Segs/Display7Seg/cathodes_manager.vhd" line 79: Mux is complete : default of case is discarded
INFO:Xst:1561 - "C:/Users/Mario/Desktop/Display7Segs/Display7Seg/cathodes_manager.vhd" line 103: Mux is complete : default of case is discarded
Entity <cathodes_manager> analyzed. Unit <cathodes_manager> generated.

Analyzing Entity <anodes_manager> in library <work> (Architecture <Behavioral>).
INFO:Xst:1561 - "C:/Users/Mario/Desktop/Display7Segs/Display7Seg/anodes_manager.vhd" line 58: Mux is complete : default of case is discarded
Entity <anodes_manager> analyzed. Unit <anodes_manager> generated.


=========================================================================
*                           HDL Synthesis                               *
=========================================================================

Performing bidirectional port resolution...

Synthesizing Unit <clock_filter>.
    Related source file is "C:/Users/Mario/Desktop/Display7Segs/Display7Seg/clock_filter.vhd".
    Found 1-bit register for signal <clockfx>.
    Found 3-bit up counter for signal <counter>.
    Summary:
	inferred   1 Counter(s).
	inferred   1 D-type flip-flop(s).
Unit <clock_filter> synthesized.


Synthesizing Unit <counter_mod4>.
    Related source file is "C:/Users/Mario/Desktop/Display7Segs/Display7Seg/counter_mod4.vhd".
    Found 2-bit up counter for signal <c>.
    Summary:
	inferred   1 Counter(s).
Unit <counter_mod4> synthesized.


Synthesizing Unit <cathodes_manager>.
    Related source file is "C:/Users/Mario/Desktop/Display7Segs/Display7Seg/cathodes_manager.vhd".
    Found 16x7-bit ROM for signal <cathodes_for_digit>.
    Found 1-bit 4-to-1 multiplexer for signal <dots$mux0000> created at line 108.
    Found 4-bit 4-to-1 multiplexer for signal <nibble>.
    Summary:
	inferred   1 ROM(s).
	inferred   5 Multiplexer(s).
Unit <cathodes_manager> synthesized.


Synthesizing Unit <anodes_manager>.
    Related source file is "C:/Users/Mario/Desktop/Display7Segs/Display7Seg/anodes_manager.vhd".
    Found 1-of-4 decoder for signal <anodes_swhitching>.
    Summary:
	inferred   1 Decoder(s).
Unit <anodes_manager> synthesized.


Synthesizing Unit <display_seven_segments>.
    Related source file is "C:/Users/Mario/Desktop/Display7Segs/Display7Seg/display_seven_segments.vhd".
Unit <display_seven_segments> synthesized.


=========================================================================
HDL Synthesis Report

Macro Statistics
# ROMs                                                 : 1
 16x7-bit ROM                                          : 1
# Counters                                             : 2
 2-bit up counter                                      : 1
 3-bit up counter                                      : 1
# Registers                                            : 1
 1-bit register                                        : 1
# Multiplexers                                         : 2
 1-bit 4-to-1 multiplexer                              : 1
 4-bit 4-to-1 multiplexer                              : 1
# Decoders                                             : 1
 1-of-4 decoder                                        : 1

=========================================================================

=========================================================================
*                       Advanced HDL Synthesis                          *
=========================================================================


=========================================================================
Advanced HDL Synthesis Report

Macro Statistics
# ROMs                                                 : 1
 16x7-bit ROM                                          : 1
# Counters                                             : 2
 2-bit up counter                                      : 1
 3-bit up counter                                      : 1
# Registers                                            : 1
 Flip-Flops                                            : 1
# Multiplexers                                         : 2
 1-bit 4-to-1 multiplexer                              : 1
 4-bit 4-to-1 multiplexer                              : 1
# Decoders                                             : 1
 1-of-4 decoder                                        : 1

=========================================================================

=========================================================================
*                         Low Level Synthesis                           *
=========================================================================

Optimizing unit <display_seven_segments> ...

Mapping all equations...
Building and optimizing final netlist ...
Found area constraint ratio of 100 (+ 5) on block display_seven_segments, actual ratio is 0.

Final Macro Processing ...

=========================================================================
Final Register Report

Macro Statistics
# Registers                                            : 6
 Flip-Flops                                            : 6

=========================================================================

=========================================================================
*                           Partition Report                            *
=========================================================================

Partition Implementation Status
-------------------------------

  No Partitions were found in this design.

-------------------------------

=========================================================================
*                            Final Report                               *
=========================================================================
Final Results
RTL Top Level Output File Name     : display_seven_segments.ngr
Top Level Output File Name         : display_seven_segments
Output Format                      : NGC
Optimization Goal                  : Speed
Keep Hierarchy                     : No

Design Statistics
# IOs                              : 38

Cell Usage :
# BELS                             : 32
#      INV                         : 2
#      LUT2                        : 1
#      LUT3                        : 17
#      LUT4                        : 7
#      MUXF5                       : 5
# FlipFlops/Latches                : 6
#      FDC                         : 4
#      FDCE                        : 2
# Clock Buffers                    : 1
#      BUFGP                       : 1
# IO Buffers                       : 37
#      IBUF                        : 25
#      OBUF                        : 12
=========================================================================

Device utilization summary:
---------------------------

Selected Device : 3s1200efg320-5 

 Number of Slices:                       13  out of   8672     0%  
 Number of Slice Flip Flops:              6  out of  17344     0%  
 Number of 4 input LUTs:                 27  out of  17344     0%  
 Number of IOs:                          38
 Number of bonded IOBs:                  38  out of    250    15%  
 Number of GCLKs:                         1  out of     24     4%  

---------------------------
Partition Resource Summary:
---------------------------

  No Partitions were found in this design.

---------------------------


=========================================================================
TIMING REPORT

NOTE: THESE TIMING NUMBERS ARE ONLY A SYNTHESIS ESTIMATE.
      FOR ACCURATE TIMING INFORMATION PLEASE REFER TO THE TRACE REPORT
      GENERATED AFTER PLACE-and-ROUTE.

Clock Information:
------------------
-----------------------------------+------------------------+-------+
Clock Signal                       | Clock buffer(FF name)  | Load  |
-----------------------------------+------------------------+-------+
clock                              | BUFGP                  | 6     |
-----------------------------------+------------------------+-------+

Asynchronous Control Signals Information:
----------------------------------------
-----------------------------------+------------------------+-------+
Control Signal                     | Buffer(FF name)        | Load  |
-----------------------------------+------------------------+-------+
reset                              | IBUF                   | 6     |
-----------------------------------+------------------------+-------+

Timing Summary:
---------------
Speed Grade: -5

   Minimum period: 2.630ns (Maximum Frequency: 380.243MHz)
   Minimum input arrival time before clock: No path found
   Maximum output required time after clock: 7.327ns
   Maximum combinational path delay: 7.314ns

Timing Detail:
--------------
All values displayed in nanoseconds (ns)

=========================================================================
Timing constraint: Default period analysis for Clock 'clock'
  Clock period: 2.630ns (frequency: 380.243MHz)
  Total number of paths / destination ports: 15 / 8
-------------------------------------------------------------------------
Delay:               2.630ns (Levels of Logic = 1)
  Source:            counter_instance/c_0 (FF)
  Destination:       counter_instance/c_0 (FF)
  Source Clock:      clock rising
  Destination Clock: clock rising

  Data Path: counter_instance/c_0 to counter_instance/c_0
                                Gate     Net
    Cell:in->out      fanout   Delay   Delay  Logical Name (Net Name)
    ----------------------------------------  ------------
     FDCE:C->Q            16   0.514   0.879  counter_instance/c_0 (counter_instance/c_0)
     INV:I->O              1   0.612   0.357  counter_instance/Mcount_c_xor<0>11_INV_0 (Result<0>)
     FDCE:D                    0.268          counter_instance/c_0
    ----------------------------------------
    Total                      2.630ns (1.394ns logic, 1.236ns route)
                                       (53.0% logic, 47.0% route)

=========================================================================
Timing constraint: Default OFFSET OUT AFTER for Clock 'clock'
  Total number of paths / destination ports: 95 / 12
-------------------------------------------------------------------------
Offset:              7.327ns (Levels of Logic = 4)
  Source:            counter_instance/c_0 (FF)
  Destination:       cathodes<6> (PAD)
  Source Clock:      clock rising

  Data Path: counter_instance/c_0 to cathodes<6>
                                Gate     Net
    Cell:in->out      fanout   Delay   Delay  Logical Name (Net Name)
    ----------------------------------------  ------------
     FDCE:C->Q            16   0.514   1.031  counter_instance/c_0 (counter_instance/c_0)
     LUT3:I0->O            1   0.612   0.000  cathodes_instance/Mmux_nibble_3 (cathodes_instance/Mmux_nibble_3)
     MUXF5:I1->O           7   0.278   0.754  cathodes_instance/Mmux_nibble_2_f5 (cathodes_instance/nibble<0>)
     LUT4:I0->O            1   0.612   0.357  cathodes_instance/Mrom_cathodes_for_digit111 (cathodes_1_OBUF)
     OBUF:I->O                 3.169          cathodes_1_OBUF (cathodes<1>)
    ----------------------------------------
    Total                      7.327ns (5.185ns logic, 2.142ns route)
                                       (70.8% logic, 29.2% route)

=========================================================================
Timing constraint: Default path analysis
  Total number of paths / destination ports: 120 / 12
-------------------------------------------------------------------------
Delay:               7.314ns (Levels of Logic = 5)
  Source:            value<1> (PAD)
  Destination:       cathodes<6> (PAD)

  Data Path: value<1> to cathodes<6>
                                Gate     Net
    Cell:in->out      fanout   Delay   Delay  Logical Name (Net Name)
    ----------------------------------------  ------------
     IBUF:I->O             1   1.106   0.426  value_1_IBUF (value_1_IBUF)
     LUT3:I1->O            1   0.612   0.000  cathodes_instance/Mmux_nibble_41 (cathodes_instance/Mmux_nibble_41)
     MUXF5:I0->O           7   0.278   0.754  cathodes_instance/Mmux_nibble_2_f5_0 (cathodes_instance/nibble<1>)
     LUT4:I0->O            1   0.612   0.357  cathodes_instance/Mrom_cathodes_for_digit21 (cathodes_2_OBUF)
     OBUF:I->O                 3.169          cathodes_2_OBUF (cathodes<2>)
    ----------------------------------------
    Total                      7.314ns (5.777ns logic, 1.537ns route)
                                       (79.0% logic, 21.0% route)

=========================================================================


Total REAL time to Xst completion: 6.00 secs
Total CPU time to Xst completion: 5.83 secs
 
--> 

Total memory usage is 198876 kilobytes

Number of errors   :    0 (   0 filtered)
Number of warnings :    0 (   0 filtered)
Number of infos    :    3 (   0 filtered)

