--------------------------------------------------------------------------------
Release 14.7 Trace  (lin64)
Copyright (c) 1995-2013 Xilinx, Inc.  All rights reserved.

/opt/Xilinx/14.7/ISE_DS/ISE/bin/lin64/unwrapped/trce -intstyle ise -v 3 -s 5 -n
3 -fastpaths -xml display_on_board.twx display_on_board.ncd -o
display_on_board.twr display_on_board.pcf -ucf BasysRevEGeneral.ucf

Design file:              display_on_board.ncd
Physical constraint file: display_on_board.pcf
Device,package,speed:     xc3s250e,tq144,-5 (PRODUCTION 1.27 2013-10-13)
Report level:             verbose report

Environment Variable      Effect 
--------------------      ------ 
NONE                      No environment variables were set
--------------------------------------------------------------------------------

INFO:Timing:2698 - No timing constraints found, doing default enumeration.
INFO:Timing:3412 - To improve timing, see the Timing Closure User Guide (UG612).
INFO:Timing:2752 - To get complete path coverage, use the unconstrained paths 
   option. All paths that are not constrained will be reported in the 
   unconstrained paths section(s) of the report.
INFO:Timing:3339 - The clock-to-out numbers in this timing report are based on 
   a 50 Ohm transmission line loading model.  For the details of this model, 
   and for more information on accounting for different loading conditions, 
   please see the device datasheet.
INFO:Timing:3390 - This architecture does not support a default System Jitter 
   value, please add SYSTEM_JITTER constraint to the UCF to modify the Clock 
   Uncertainty calculation.
INFO:Timing:3389 - This architecture does not support 'Discrete Jitter' and 
   'Phase Error' calculations, these terms will be zero in the Clock 
   Uncertainty calculation.  Please make appropriate modification to 
   SYSTEM_JITTER to account for the unsupported Discrete Jitter and Phase 
   Error.



Data Sheet report:
-----------------
All values displayed in nanoseconds (ns)

Setup/Hold to clock clock
----------------+------------+------------+------------------+--------+
                |Max Setup to|Max Hold to |                  | Clock  |
Source          | clk (edge) | clk (edge) |Internal Clock(s) | Phase  |
----------------+------------+------------+------------------+--------+
in_byte<0>      |    0.200(R)|    1.020(R)|clock_BUFGP       |   0.000|
in_byte<1>      |    0.233(R)|    1.106(R)|clock_BUFGP       |   0.000|
in_byte<2>      |    0.686(R)|    1.213(R)|clock_BUFGP       |   0.000|
in_byte<3>      |    1.016(R)|    1.107(R)|clock_BUFGP       |   0.000|
in_byte<4>      |    0.849(R)|    1.041(R)|clock_BUFGP       |   0.000|
in_byte<5>      |    1.048(R)|    0.981(R)|clock_BUFGP       |   0.000|
in_byte<6>      |    0.793(R)|    0.877(R)|clock_BUFGP       |   0.000|
in_byte<7>      |    0.983(R)|    0.564(R)|clock_BUFGP       |   0.000|
load_dots_enable|    2.897(R)|   -0.325(R)|clock_BUFGP       |   0.000|
load_lsb_value  |    4.035(R)|   -0.201(R)|clock_BUFGP       |   0.000|
load_msb_value  |    3.266(R)|   -0.258(R)|clock_BUFGP       |   0.000|
----------------+------------+------------+------------------+--------+

Clock clock to Pad
------------+------------+------------------+--------+
            | clk (edge) |                  | Clock  |
Destination |   to PAD   |Internal Clock(s) | Phase  |
------------+------------+------------------+--------+
anodes<0>   |    8.447(R)|clock_BUFGP       |   0.000|
anodes<1>   |    8.252(R)|clock_BUFGP       |   0.000|
anodes<2>   |    9.130(R)|clock_BUFGP       |   0.000|
anodes<3>   |    8.827(R)|clock_BUFGP       |   0.000|
cathodes<0> |   10.658(R)|clock_BUFGP       |   0.000|
cathodes<1> |   10.941(R)|clock_BUFGP       |   0.000|
cathodes<2> |   11.340(R)|clock_BUFGP       |   0.000|
cathodes<3> |   11.135(R)|clock_BUFGP       |   0.000|
cathodes<4> |   11.477(R)|clock_BUFGP       |   0.000|
cathodes<5> |   11.681(R)|clock_BUFGP       |   0.000|
cathodes<6> |   12.425(R)|clock_BUFGP       |   0.000|
cathodes<7> |   10.273(R)|clock_BUFGP       |   0.000|
------------+------------+------------------+--------+

Clock to Setup on destination clock clock
---------------+---------+---------+---------+---------+
               | Src:Rise| Src:Fall| Src:Rise| Src:Fall|
Source Clock   |Dest:Rise|Dest:Rise|Dest:Fall|Dest:Fall|
---------------+---------+---------+---------+---------+
clock          |    3.590|         |         |         |
---------------+---------+---------+---------+---------+


Analysis completed Mon Feb 25 17:22:57 2019 
--------------------------------------------------------------------------------

Trace Settings:
-------------------------
Trace Settings 

Peak Memory Usage: 342 MB



