Running: C:\Xilinx\14.1\ISE_DS\ISE\bin\nt\unwrapped\fuse.exe -intstyle ise -incremental -o C:/Users/Mario/Desktop/Display7Segs/Display7Seg/tb_clock_filter_isim_translate.exe -prj C:/Users/Mario/Desktop/Display7Segs/Display7Seg/tb_clock_filter_translate.prj work.tb_clock_filter 
ISim P.15xf (signature 0x2f00eba5)
Number of CPUs detected in this system: 1
Turning on mult-threading, number of parallel sub-compilation jobs: 0 
Determining compilation order of HDL files
Parsing VHDL file "C:/Users/Mario/Desktop/Display7Segs/Display7Seg/netgen/translate/clock_filter_translate.vhd" into library work
Parsing VHDL file "C:/Users/Mario/Desktop/Display7Segs/Display7Seg/tb_clock_filter.vhd" into library work
Starting static elaboration
Completed static elaboration
Fuse Memory Usage: 120996 KB
Fuse CPU Usage: 623 ms
Compiling package standard
Compiling package std_logic_1164
Compiling package textio
Compiling package vital_timing
Compiling package vcomponents
Compiling package vital_primitives
Compiling package vpackage
Compiling architecture x_ff_v of entity X_FF [\X_FF(true,true,true,"UNPLACED",...]
Compiling architecture x_lut3_v of entity X_LUT3 [\X_LUT3(true,true,"UNPLACED",(0,...]
Compiling architecture x_lut4_v of entity X_LUT4 [\X_LUT4(true,true,"UNPLACED",(0,...]
Compiling architecture x_buf_v of entity X_BUF [\X_BUF(true,true,"UNPLACED",(0,0...]
Compiling architecture x_inv_v of entity X_INV [\X_INV(true,true,"UNPLACED",(0,0...]
Compiling architecture x_ckbuf_v of entity X_CKBUF [\X_CKBUF(true,true,"UNPLACED",(0...]
Compiling architecture x_obuf_v of entity X_OBUF [\X_OBUF(true,true,"DONT_CARE",12...]
Compiling architecture x_one_v of entity X_ONE [\X_ONE("UNPLACED")(1,8)\]
Compiling architecture x_zero_v of entity X_ZERO [\X_ZERO("UNPLACED")(1,8)\]
Compiling architecture x_roc_v of entity X_ROC [\X_ROC("UNPLACED",100000,"*")(1,...]
Compiling architecture x_toc_v of entity X_TOC [\X_TOC("UNPLACED",0,"*")(1,8,1,1...]
Compiling architecture structure of entity clock_filter [clock_filter_default]
Compiling architecture behavior of entity tb_clock_filter
Time Resolution for simulation is 1ps.
Compiled 36 VHDL Units
Built simulation executable C:/Users/Mario/Desktop/Display7Segs/Display7Seg/tb_clock_filter_isim_translate.exe
Fuse Memory Usage: 145428 KB
Fuse CPU Usage: 919 ms
